<?xml version="1.0" encoding="UTF-8"?>
<!-- Generated by org.testng.reporters.JUnitXMLReporter -->
<testsuite hostname="SPICITY10" name="Default test" tests="12" failures="0" timestamp="25 May 2017 05:41:11 GMT" time="800.228" errors="0">
  <testcase name="TC_POC_001" time="12.652" classname="tests.TestGPCPeopleSoft"/>
  <testcase name="TC_POC_002" time="79.982" classname="tests.TestGPCPeopleSoft"/>
  <testcase name="TC_POC_002" time="68.669" classname="tests.TestGPCPeopleSoft"/>
  <testcase name="TC_POC_002" time="66.54" classname="tests.TestGPCPeopleSoft"/>
  <testcase name="TC_POC_002" time="66.211" classname="tests.TestGPCPeopleSoft"/>
  <testcase name="TC_POC_002" time="67.476" classname="tests.TestGPCPeopleSoft"/>
  <testcase name="TC_POC_002" time="66.491" classname="tests.TestGPCPeopleSoft"/>
  <testcase name="TC_POC_002" time="65.09" classname="tests.TestGPCPeopleSoft"/>
  <testcase name="TC_POC_002" time="66.528" classname="tests.TestGPCPeopleSoft"/>
  <testcase name="TC_POC_002" time="65.857" classname="tests.TestGPCPeopleSoft"/>
  <testcase name="TC_POC_002" time="77.996" classname="tests.TestGPCPeopleSoft"/>
  <testcase name="TC_POC_002" time="66.334" classname="tests.TestGPCPeopleSoft"/>
</testsuite> <!-- Default test -->
